Using pre-set license

 COMMAND LINE ARGUMENTS:
/Applications/Unity/Hub/Editor/2020.3.2f1/Unity.app/Contents/MacOS/Unity
-adb2
-batchMode
-noUpm
-name
AssetImportWorker0
-projectPath
/Users/yseznec/Dropbox/Unity/UnityPdBasics
-logFile
Logs/AssetImportWorker0.log
-srvPort
51344
Successfully changed project path to: /Users/yseznec/Dropbox/Unity/UnityPdBasics
/Users/yseznec/Dropbox/Unity/UnityPdBasics
Using Asset Import Pipeline V2.
Refreshing native plugins compatible for Editor in 34.20 ms, found 2 plugins.
Preloading 0 native plugins for Editor in 0.00 ms.
Initialize engine version: 2020.3.2f1 (8fd9074bf66c)
[Subsystems] Discovering subsystems at path /Applications/Unity/Hub/Editor/2020.3.2f1/Unity.app/Contents/Resources/UnitySubsystems
[Subsystems] Discovering subsystems at path /Users/yseznec/Dropbox/Unity/UnityPdBasics/Assets
GfxDevice: creating device client; threaded=0
2021-04-15 17:41:50.749 Unity[9881:74668] Color LCD preferred device: Intel(R) Iris(TM) Plus Graphics 645 (low power)
2021-04-15 17:41:50.749 Unity[9881:74668] Metal devices available: 1
2021-04-15 17:41:50.749 Unity[9881:74668] 0: Intel(R) Iris(TM) Plus Graphics 645 (low power)
2021-04-15 17:41:50.749 Unity[9881:74668] Using device Intel(R) Iris(TM) Plus Graphics 645 (low power)
Initializing Metal device caps: Intel(R) Iris(TM) Plus Graphics 645
Initialize mono
Mono path[0] = '/Applications/Unity/Hub/Editor/2020.3.2f1/Unity.app/Contents/Managed'
Mono path[1] = '/Applications/Unity/Hub/Editor/2020.3.2f1/Unity.app/Contents/MonoBleedingEdge/lib/mono/unityjit'
Mono config path = '/Applications/Unity/Hub/Editor/2020.3.2f1/Unity.app/Contents/MonoBleedingEdge/etc'
Using monoOptions --debugger-agent=transport=dt_socket,embedding=1,server=y,suspend=n,address=127.0.0.1:56881
Begin MonoManager ReloadAssembly
Registering precompiled unity dll's ...
Register platform support module: /Applications/Unity/Hub/Editor/2020.3.2f1/Unity.app/Contents/PlaybackEngines/MacStandaloneSupport/UnityEditor.OSXStandalone.Extensions.dll
Registered in 0.003016 seconds.
Native extension for OSXStandalone target not found
Refreshing native plugins compatible for Editor in 22.82 ms, found 2 plugins.
Preloading 0 native plugins for Editor in 0.00 ms.
Invoked RoslynAnalysisRunner static constructor.
RoslynAnalysisRunner will not be running.
RoslynAnalysisRunner has terminated.
Mono: successfully reloaded assembly
- Completed reload, in  2.000 seconds
Platform modules already initialized, skipping
Registering precompiled user dll's ...
Registered in 0.001815 seconds.
Begin MonoManager ReloadAssembly
Native extension for OSXStandalone target not found
Refreshing native plugins compatible for Editor in 0.43 ms, found 2 plugins.
Preloading 0 native plugins for Editor in 0.00 ms.
Invoked RoslynAnalysisRunner static constructor.
RoslynAnalysisRunner will not be running.
RoslynAnalysisRunner has terminated.
Mono: successfully reloaded assembly
- Completed reload, in  0.980 seconds
Platform modules already initialized, skipping
========================================================================
Worker process is ready to serve import requests
Launching external process: /Applications/Unity/Hub/Editor/2020.3.2f1/Unity.app/Contents/Tools/UnityShaderCompiler
Launched and connected shader compiler UnityShaderCompiler after 0.02 seconds
Refreshing native plugins compatible for Editor in 0.35 ms, found 2 plugins.
Preloading 0 native plugins for Editor in 0.00 ms.
Unloading 1129 Unused Serialized files (Serialized files now loaded: 0)
System memory in use before: 110.1 MB.
System memory in use after: 110.2 MB.

Unloading 18 unused Assets to reduce memory usage. Loaded Objects now: 1563.
Total: 3.889482 ms (FindLiveObjects: 0.404467 ms CreateObjectMapping: 0.123860 ms MarkObjects: 3.204364 ms  DeleteObjects: 0.153614 ms)

========================================================================
Received Import Request.
  path: Assets/Scripts/Button2Bang_variable.cs
  artifactKey: Guid(6170b5e69f7474b8a966083f918068d6) Importer(815301076,1909f56bfc062723c751e8b465ee728b)
Start importing Assets/Scripts/Button2Bang_variable.cs using Guid(6170b5e69f7474b8a966083f918068d6) Importer(815301076,1909f56bfc062723c751e8b465ee728b)  -> (artifact id: 'b7a9745438a326ac297eb9489e6f5998') in 0.585927 seconds
  Import took 0.589292 seconds .

========================================================================
Received Import Request.
  Time since last request: 1.501117 seconds.
  path: Assets/Scripts/Proximity2Float.cs
  artifactKey: Guid(a9938c030594e514d9edbac86ff1ee52) Importer(815301076,1909f56bfc062723c751e8b465ee728b)
Start importing Assets/Scripts/Proximity2Float.cs using Guid(a9938c030594e514d9edbac86ff1ee52) Importer(815301076,1909f56bfc062723c751e8b465ee728b)  -> (artifact id: 'f7e9b7a359fe8967f2128fdab3904870') in 0.006967 seconds
  Import took 0.011951 seconds .

========================================================================
Received Import Request.
  Time since last request: 0.909237 seconds.
  path: Assets/Scripts/PlayerMovement.cs
  artifactKey: Guid(79b8c3ee76b2c23429add02b8e4b5e51) Importer(815301076,1909f56bfc062723c751e8b465ee728b)
Start importing Assets/Scripts/PlayerMovement.cs using Guid(79b8c3ee76b2c23429add02b8e4b5e51) Importer(815301076,1909f56bfc062723c751e8b465ee728b)  -> (artifact id: '01052a17122a8374e0c1f9321e97489b') in 0.007603 seconds
  Import took 0.011001 seconds .

========================================================================
Received Import Request.
  Time since last request: 0.158727 seconds.
  path: Assets/Scripts/LibPdInstance.cs
  artifactKey: Guid(14496bc842cc2dd40b3da723e07b976d) Importer(815301076,1909f56bfc062723c751e8b465ee728b)
Start importing Assets/Scripts/LibPdInstance.cs using Guid(14496bc842cc2dd40b3da723e07b976d) Importer(815301076,1909f56bfc062723c751e8b465ee728b)  -> (artifact id: 'efb6dc329e96354b19cc5805bc458db4') in 0.006031 seconds
  Import took 0.008353 seconds .

========================================================================
Received Import Request.
  Time since last request: 0.002111 seconds.
  path: Assets/Scripts/LibPdInstance.cs
  artifactKey: Guid(14496bc842cc2dd40b3da723e07b976d) Importer(815301076,1909f56bfc062723c751e8b465ee728b)
Start importing Assets/Scripts/LibPdInstance.cs using Guid(14496bc842cc2dd40b3da723e07b976d) Importer(815301076,1909f56bfc062723c751e8b465ee728b)  -> (artifact id: 'efb6dc329e96354b19cc5805bc458db4') in 0.005372 seconds
  Import took 0.009615 seconds .

========================================================================
Received Import Request.
  Time since last request: 0.126707 seconds.
  path: Assets/Scripts/GameManager.cs
  artifactKey: Guid(be7517166c9a96846b82d8c0ff3f7a1c) Importer(815301076,1909f56bfc062723c751e8b465ee728b)
Start importing Assets/Scripts/GameManager.cs using Guid(be7517166c9a96846b82d8c0ff3f7a1c) Importer(815301076,1909f56bfc062723c751e8b465ee728b)  -> (artifact id: '9ff2459b99437fe183fd992674c17bbe') in 0.005164 seconds
  Import took 0.007980 seconds .

========================================================================
Received Prepare
Registering precompiled user dll's ...
Registered in 0.005069 seconds.
Begin MonoManager ReloadAssembly
Native extension for OSXStandalone target not found
Refreshing native plugins compatible for Editor in 0.36 ms, found 2 plugins.
Preloading 0 native plugins for Editor in 0.00 ms.
Invoked RoslynAnalysisRunner static constructor.
RoslynAnalysisRunner will not be running.
RoslynAnalysisRunner has terminated.
Mono: successfully reloaded assembly
- Completed reload, in  0.912 seconds
Platform modules already initialized, skipping
Refreshing native plugins compatible for Editor in 0.33 ms, found 2 plugins.
Preloading 0 native plugins for Editor in 0.00 ms.
Unloading 1123 Unused Serialized files (Serialized files now loaded: 0)
System memory in use before: 114.5 MB.
System memory in use after: 114.6 MB.

Unloading 13 unused Assets to reduce memory usage. Loaded Objects now: 1566.
Total: 2.426303 ms (FindLiveObjects: 0.251991 ms CreateObjectMapping: 0.063713 ms MarkObjects: 2.084058 ms  DeleteObjects: 0.024546 ms)

========================================================================
Received Import Request.
  Time since last request: 115.167282 seconds.
  path: Assets/Prefabs/BangButton_Variable.prefab
  artifactKey: Guid(c19ac7ba58b9642e49d0aa1a3b41ba46) Importer(815301076,1909f56bfc062723c751e8b465ee728b)
Start importing Assets/Prefabs/BangButton_Variable.prefab using Guid(c19ac7ba58b9642e49d0aa1a3b41ba46) Importer(815301076,1909f56bfc062723c751e8b465ee728b)  -> (artifact id: '40c4295a01137219aef80e7dc95ae5b5') in 0.540695 seconds
  Import took 0.543454 seconds .

========================================================================
Received Import Request.
  Time since last request: 379.606155 seconds.
  path: Assets/Prefabs/BangButton_Random.prefab
  artifactKey: Guid(72850955e4c9c4f7c9ee53f85aaf969f) Importer(815301076,1909f56bfc062723c751e8b465ee728b)
Start importing Assets/Prefabs/BangButton_Random.prefab using Guid(72850955e4c9c4f7c9ee53f85aaf969f) Importer(815301076,1909f56bfc062723c751e8b465ee728b)  -> (artifact id: '6cd160df29bd765a6ff0b8799b69a9ec') in 0.019458 seconds
  Import took 0.021958 seconds .

