Using pre-set license

 COMMAND LINE ARGUMENTS:
/Applications/Unity/Hub/Editor/2020.3.2f1/Unity.app/Contents/MacOS/Unity
-adb2
-batchMode
-noUpm
-name
AssetImportWorker0
-projectPath
/Users/yseznec/Dropbox/Unity/Unity Pd Basics
-logFile
Logs/AssetImportWorker0.log
-srvPort
65347
Successfully changed project path to: /Users/yseznec/Dropbox/Unity/Unity Pd Basics
/Users/yseznec/Dropbox/Unity/Unity Pd Basics
Using Asset Import Pipeline V2.
Refreshing native plugins compatible for Editor in 33.30 ms, found 2 plugins.
Preloading 0 native plugins for Editor in 0.00 ms.
Initialize engine version: 2020.3.2f1 (8fd9074bf66c)
[Subsystems] Discovering subsystems at path /Applications/Unity/Hub/Editor/2020.3.2f1/Unity.app/Contents/Resources/UnitySubsystems
[Subsystems] Discovering subsystems at path /Users/yseznec/Dropbox/Unity/Unity Pd Basics/Assets
GfxDevice: creating device client; threaded=0
2021-04-15 10:17:16.590 Unity[73954:837126] Color LCD preferred device: Intel(R) Iris(TM) Plus Graphics 645 (low power)
2021-04-15 10:17:16.590 Unity[73954:837126] Metal devices available: 1
2021-04-15 10:17:16.590 Unity[73954:837126] 0: Intel(R) Iris(TM) Plus Graphics 645 (low power)
2021-04-15 10:17:16.591 Unity[73954:837126] Using device Intel(R) Iris(TM) Plus Graphics 645 (low power)
Initializing Metal device caps: Intel(R) Iris(TM) Plus Graphics 645
Initialize mono
Mono path[0] = '/Applications/Unity/Hub/Editor/2020.3.2f1/Unity.app/Contents/Managed'
Mono path[1] = '/Applications/Unity/Hub/Editor/2020.3.2f1/Unity.app/Contents/MonoBleedingEdge/lib/mono/unityjit'
Mono config path = '/Applications/Unity/Hub/Editor/2020.3.2f1/Unity.app/Contents/MonoBleedingEdge/etc'
Using monoOptions --debugger-agent=transport=dt_socket,embedding=1,server=y,suspend=n,address=127.0.0.1:56954
Begin MonoManager ReloadAssembly
Registering precompiled unity dll's ...
Register platform support module: /Applications/Unity/Hub/Editor/2020.3.2f1/Unity.app/Contents/PlaybackEngines/MacStandaloneSupport/UnityEditor.OSXStandalone.Extensions.dll
Registered in 0.002054 seconds.
Native extension for OSXStandalone target not found
Refreshing native plugins compatible for Editor in 23.64 ms, found 2 plugins.
Preloading 0 native plugins for Editor in 0.00 ms.
Invoked RoslynAnalysisRunner static constructor.
RoslynAnalysisRunner will not be running.
RoslynAnalysisRunner has terminated.
Mono: successfully reloaded assembly
- Completed reload, in  2.374 seconds
Platform modules already initialized, skipping
Registering precompiled user dll's ...
Registered in 0.001700 seconds.
Begin MonoManager ReloadAssembly
Native extension for OSXStandalone target not found
Refreshing native plugins compatible for Editor in 0.35 ms, found 2 plugins.
Preloading 0 native plugins for Editor in 0.00 ms.
Invoked RoslynAnalysisRunner static constructor.
RoslynAnalysisRunner will not be running.
RoslynAnalysisRunner has terminated.
Mono: successfully reloaded assembly
- Completed reload, in  0.987 seconds
Platform modules already initialized, skipping
========================================================================
Worker process is ready to serve import requests
Launching external process: /Applications/Unity/Hub/Editor/2020.3.2f1/Unity.app/Contents/Tools/UnityShaderCompiler
Launched and connected shader compiler UnityShaderCompiler after 0.01 seconds
Refreshing native plugins compatible for Editor in 0.32 ms, found 2 plugins.
Preloading 0 native plugins for Editor in 0.00 ms.
Unloading 1129 Unused Serialized files (Serialized files now loaded: 0)
System memory in use before: 110.2 MB.
System memory in use after: 110.3 MB.

Unloading 18 unused Assets to reduce memory usage. Loaded Objects now: 1563.
Total: 1.961328 ms (FindLiveObjects: 0.171266 ms CreateObjectMapping: 0.042089 ms MarkObjects: 1.669786 ms  DeleteObjects: 0.077111 ms)

========================================================================
Received Import Request.
  path: Assets/StreamingAssets/PdAssets/ButtonSynth_Variable.pd
  artifactKey: Guid(dc47af30839e94a48858c8697403faeb) Importer(815301076,1909f56bfc062723c751e8b465ee728b)
Start importing Assets/StreamingAssets/PdAssets/ButtonSynth_Variable.pd using Guid(dc47af30839e94a48858c8697403faeb) Importer(815301076,1909f56bfc062723c751e8b465ee728b)  -> (artifact id: 'f148464ebbf2919bbfca59a81de4f2bd') in 0.479558 seconds
  Import took 0.483257 seconds .

========================================================================
Received Prepare
Refreshing native plugins compatible for Editor in 8.02 ms, found 2 plugins.
Preloading 0 native plugins for Editor in 0.00 ms.
Unloading 12 Unused Serialized files (Serialized files now loaded: 0)
System memory in use before: 92.3 MB.
System memory in use after: 92.4 MB.

Unloading 11 unused Assets to reduce memory usage. Loaded Objects now: 1563.
Total: 2.156434 ms (FindLiveObjects: 0.327391 ms CreateObjectMapping: 0.046361 ms MarkObjects: 1.764305 ms  DeleteObjects: 0.015507 ms)

========================================================================
Received Import Request.
  Time since last request: 37.324963 seconds.
  path: Assets/Scripts/Button2Bang_variable.cs
  artifactKey: Guid(6170b5e69f7474b8a966083f918068d6) Importer(815301076,1909f56bfc062723c751e8b465ee728b)
Start importing Assets/Scripts/Button2Bang_variable.cs using Guid(6170b5e69f7474b8a966083f918068d6) Importer(815301076,1909f56bfc062723c751e8b465ee728b)  -> (artifact id: '1da402ba49c76a92a07270059654482f') in 0.472390 seconds
  Import took 0.474373 seconds .

========================================================================
Received Import Request.
  Time since last request: 0.808987 seconds.
  path: Assets/Scripts/Button2Bang.cs
  artifactKey: Guid(fe7f4d1cd9d3f034abf8714ebd112b9f) Importer(815301076,1909f56bfc062723c751e8b465ee728b)
Start importing Assets/Scripts/Button2Bang.cs using Guid(fe7f4d1cd9d3f034abf8714ebd112b9f) Importer(815301076,1909f56bfc062723c751e8b465ee728b)  -> (artifact id: 'f352a5a556cd665bc8e4fc8d7d20c687') in 0.001877 seconds
  Import took 0.003926 seconds .

========================================================================
Received Import Request.
  Time since last request: 0.000366 seconds.
  path: Assets/Scripts/Button2Bang.cs
  artifactKey: Guid(fe7f4d1cd9d3f034abf8714ebd112b9f) Importer(815301076,1909f56bfc062723c751e8b465ee728b)
Start importing Assets/Scripts/Button2Bang.cs using Guid(fe7f4d1cd9d3f034abf8714ebd112b9f) Importer(815301076,1909f56bfc062723c751e8b465ee728b)  -> (artifact id: 'f352a5a556cd665bc8e4fc8d7d20c687') in 0.001262 seconds
  Import took 0.003303 seconds .

========================================================================
Received Prepare
Registering precompiled user dll's ...
Registered in 0.000783 seconds.
Begin MonoManager ReloadAssembly
Native extension for OSXStandalone target not found
Refreshing native plugins compatible for Editor in 0.34 ms, found 2 plugins.
Preloading 0 native plugins for Editor in 0.00 ms.
Invoked RoslynAnalysisRunner static constructor.
RoslynAnalysisRunner will not be running.
RoslynAnalysisRunner has terminated.
Mono: successfully reloaded assembly
- Completed reload, in  0.997 seconds
Platform modules already initialized, skipping
Refreshing native plugins compatible for Editor in 0.29 ms, found 2 plugins.
Preloading 0 native plugins for Editor in 0.00 ms.
Unloading 1124 Unused Serialized files (Serialized files now loaded: 0)
System memory in use before: 118.8 MB.
System memory in use after: 118.9 MB.

Unloading 13 unused Assets to reduce memory usage. Loaded Objects now: 1566.
Total: 1.501812 ms (FindLiveObjects: 0.140395 ms CreateObjectMapping: 0.034244 ms MarkObjects: 1.311813 ms  DeleteObjects: 0.014378 ms)

========================================================================
Received Import Request.
  Time since last request: 211.876006 seconds.
  path: Assets/Scenes/Spatial.unity
  artifactKey: Guid(b857292fdaf3843398386a9f4c455b70) Importer(815301076,1909f56bfc062723c751e8b465ee728b)
Start importing Assets/Scenes/Spatial.unity using Guid(b857292fdaf3843398386a9f4c455b70) Importer(815301076,1909f56bfc062723c751e8b465ee728b)  -> (artifact id: '8188b50e6178b0bb46d0fb952cc7497e') in 0.013040 seconds
  Import took 0.015835 seconds .

========================================================================
Received Prepare
Registering precompiled user dll's ...
Registered in 0.001362 seconds.
Begin MonoManager ReloadAssembly
Native extension for OSXStandalone target not found
Refreshing native plugins compatible for Editor in 0.35 ms, found 2 plugins.
Preloading 0 native plugins for Editor in 0.00 ms.
Invoked RoslynAnalysisRunner static constructor.
RoslynAnalysisRunner will not be running.
RoslynAnalysisRunner has terminated.
Mono: successfully reloaded assembly
- Completed reload, in  0.936 seconds
Platform modules already initialized, skipping
Refreshing native plugins compatible for Editor in 0.32 ms, found 2 plugins.
Preloading 0 native plugins for Editor in 0.00 ms.
Unloading 1124 Unused Serialized files (Serialized files now loaded: 0)
System memory in use before: 119.1 MB.
System memory in use after: 119.1 MB.

Unloading 13 unused Assets to reduce memory usage. Loaded Objects now: 1569.
Total: 1.437176 ms (FindLiveObjects: 0.161415 ms CreateObjectMapping: 0.039412 ms MarkObjects: 1.222026 ms  DeleteObjects: 0.013412 ms)

========================================================================
Received Prepare
Registering precompiled user dll's ...
Registered in 0.000732 seconds.
Begin MonoManager ReloadAssembly
Native extension for OSXStandalone target not found
Refreshing native plugins compatible for Editor in 0.36 ms, found 2 plugins.
Preloading 0 native plugins for Editor in 0.00 ms.
Invoked RoslynAnalysisRunner static constructor.
RoslynAnalysisRunner will not be running.
RoslynAnalysisRunner has terminated.
Mono: successfully reloaded assembly
- Completed reload, in  0.911 seconds
Platform modules already initialized, skipping
Refreshing native plugins compatible for Editor in 0.29 ms, found 2 plugins.
Preloading 0 native plugins for Editor in 0.00 ms.
Unloading 1124 Unused Serialized files (Serialized files now loaded: 0)
System memory in use before: 119.3 MB.
System memory in use after: 119.3 MB.

Unloading 13 unused Assets to reduce memory usage. Loaded Objects now: 1572.
Total: 1.471420 ms (FindLiveObjects: 0.145529 ms CreateObjectMapping: 0.032119 ms MarkObjects: 1.279493 ms  DeleteObjects: 0.013303 ms)

========================================================================
Received Import Request.
  Time since last request: 174.070275 seconds.
  path: Assets/Materials/New Material 1.mat
  artifactKey: Guid(55d3e33a8f0b84a3993e0a5b35c8e63f) Importer(815301076,1909f56bfc062723c751e8b465ee728b)
Start importing Assets/Materials/New Material 1.mat using Guid(55d3e33a8f0b84a3993e0a5b35c8e63f) Importer(815301076,1909f56bfc062723c751e8b465ee728b)  -> (artifact id: 'ffb09c95b8a152fee1b80ab158ffef77') in 0.533272 seconds
  Import took 0.535602 seconds .

========================================================================
Received Import Request.
  Time since last request: 125.682018 seconds.
  path: Assets/StreamingAssets/PdAssets/ys.randomSynth.pd
  artifactKey: Guid(667e054c15bc041e2a003c533b8a434e) Importer(815301076,1909f56bfc062723c751e8b465ee728b)
Start importing Assets/StreamingAssets/PdAssets/ys.randomSynth.pd using Guid(667e054c15bc041e2a003c533b8a434e) Importer(815301076,1909f56bfc062723c751e8b465ee728b)  -> (artifact id: 'c1f5c09101b388955ff09725f96da6f6') in 0.011438 seconds
  Import took 0.014460 seconds .

========================================================================
Received Import Request.
  Time since last request: 125.771591 seconds.
  path: Assets/Prefabs/Spatial.prefab
  artifactKey: Guid(0aefb40ae84fc429e83a32446bf5b9d9) Importer(815301076,1909f56bfc062723c751e8b465ee728b)
Start importing Assets/Prefabs/Spatial.prefab using Guid(0aefb40ae84fc429e83a32446bf5b9d9) Importer(815301076,1909f56bfc062723c751e8b465ee728b)  -> (artifact id: '665eb870c6f10383715b0bfc8a32009d') in 0.233159 seconds
  Import took 0.239373 seconds .

========================================================================
Received Prepare
Registering precompiled user dll's ...
Registered in 0.006206 seconds.
Begin MonoManager ReloadAssembly
Native extension for OSXStandalone target not found
Refreshing native plugins compatible for Editor in 0.51 ms, found 2 plugins.
Preloading 0 native plugins for Editor in 0.00 ms.
Invoked RoslynAnalysisRunner static constructor.
RoslynAnalysisRunner will not be running.
RoslynAnalysisRunner has terminated.
Mono: successfully reloaded assembly
- Completed reload, in  1.103 seconds
Platform modules already initialized, skipping
Refreshing native plugins compatible for Editor in 0.36 ms, found 2 plugins.
Preloading 0 native plugins for Editor in 0.00 ms.
Unloading 1124 Unused Serialized files (Serialized files now loaded: 0)
System memory in use before: 131.8 MB.
System memory in use after: 131.9 MB.

Unloading 13 unused Assets to reduce memory usage. Loaded Objects now: 1616.
Total: 1.777626 ms (FindLiveObjects: 0.273562 ms CreateObjectMapping: 0.042335 ms MarkObjects: 1.443219 ms  DeleteObjects: 0.017584 ms)

========================================================================
Received Import Request.
  Time since last request: 1310.327013 seconds.
  path: Assets/Scenes/Ambient 1.unity
  artifactKey: Guid(47ec16020c6e041f1878e33f06087926) Importer(815301076,1909f56bfc062723c751e8b465ee728b)
Start importing Assets/Scenes/Ambient 1.unity using Guid(47ec16020c6e041f1878e33f06087926) Importer(815301076,1909f56bfc062723c751e8b465ee728b)  -> (artifact id: 'd0ac3dfe91ce5c7c11dbb130086bee17') in 0.071876 seconds
  Import took 0.093036 seconds .

========================================================================
Received Import Request.
  Time since last request: 4.383160 seconds.
  path: Assets/Scenes/Blank.unity
  artifactKey: Guid(47ec16020c6e041f1878e33f06087926) Importer(815301076,1909f56bfc062723c751e8b465ee728b)
Start importing Assets/Scenes/Blank.unity using Guid(47ec16020c6e041f1878e33f06087926) Importer(815301076,1909f56bfc062723c751e8b465ee728b)  -> (artifact id: 'dbe520a2661d08c04daf57ae0efb7ca1') in 0.003540 seconds
  Import took 0.006576 seconds .

========================================================================
Received Import Request.
  Time since last request: 27.468824 seconds.
  path: Assets/StreamingAssets/PdAssets/AmbientSynth.pd
  artifactKey: Guid(bfe948bc220804d8d9bef5094a63ee3c) Importer(815301076,1909f56bfc062723c751e8b465ee728b)
Start importing Assets/StreamingAssets/PdAssets/AmbientSynth.pd using Guid(bfe948bc220804d8d9bef5094a63ee3c) Importer(815301076,1909f56bfc062723c751e8b465ee728b)  -> (artifact id: '3601690a29c475d20da1971613c5a86b') in 0.012297 seconds
  Import took 0.015911 seconds .

========================================================================
Received Import Request.
  Time since last request: 58.592860 seconds.
  path: Assets/StreamingAssets/PdAssets/AmbientLoop_Soundfiles.pd
  artifactKey: Guid(868dc6a6eea974daebb5054940509adb) Importer(815301076,1909f56bfc062723c751e8b465ee728b)
Start importing Assets/StreamingAssets/PdAssets/AmbientLoop_Soundfiles.pd using Guid(868dc6a6eea974daebb5054940509adb) Importer(815301076,1909f56bfc062723c751e8b465ee728b)  -> (artifact id: '9749ee0216442e3380e924ef337ac0da') in 0.002469 seconds
  Import took 0.006202 seconds .

========================================================================
Received Import Request.
  Time since last request: 6.038565 seconds.
  path: Assets/StreamingAssets/PdAssets/Forest.pd
  artifactKey: Guid(868dc6a6eea974daebb5054940509adb) Importer(815301076,1909f56bfc062723c751e8b465ee728b)
Start importing Assets/StreamingAssets/PdAssets/Forest.pd using Guid(868dc6a6eea974daebb5054940509adb) Importer(815301076,1909f56bfc062723c751e8b465ee728b)  -> (artifact id: 'ec87885d00963568549656f53ff8eac0') in 0.003734 seconds
  Import took 0.006749 seconds .

